info: 2023-07-12T03:47:07.815Z - Chart Monitor has started for BTCBUSD_30m!
info: 2023-07-12T03:47:08.254Z - {"open":30632.03,"close":30596.63,"high":30632.03,"low":30593.5,"volume":2.701004,"isComplete":true}
info: 2023-07-12T03:47:08.257Z - BB_30m calculated: {"middle":30565.54449999998,"upper":30652.34578857913,"lower":30478.743211420835,"pb":0.6790612818591684}
info: 2023-07-12T03:47:08.259Z - RSI_30m calculated: 54
info: 2023-07-12T04:00:00.392Z - {"open":30632.03,"close":30592.2,"high":30632.03,"low":30592.2,"volume":3.312572,"isComplete":true}
info: 2023-07-12T04:00:00.395Z - BB_30m calculated: {"middle":30565.322999999982,"upper":30651.82796473612,"lower":30478.818035263845,"pb":0.6553494650971791}
info: 2023-07-12T04:00:00.395Z - RSI_30m calculated: 53.54
info: 2023-07-12T04:30:00.215Z - {"open":30592.17,"close":30613.23,"high":30614.39,"low":30570.94,"volume":5.486387,"isComplete":true}
info: 2023-07-12T04:30:00.217Z - BB_30m calculated: {"middle":30571.350999999977,"upper":30653.455118264534,"lower":30489.24688173542,"pb":0.7550359280705}
info: 2023-07-12T04:30:00.217Z - RSI_30m calculated: 55.48
info: 2023-07-12T05:00:00.169Z - {"open":30613.48,"close":30635.58,"high":30635.58,"low":30600.44,"volume":5.476977,"isComplete":true}
info: 2023-07-12T05:00:00.171Z - BB_30m calculated: {"middle":30579.104499999976,"upper":30654.438918554843,"lower":30503.77008144511,"pb":0.8748319897026505}
info: 2023-07-12T05:00:00.172Z - RSI_30m calculated: 57.5
info: 2023-07-12T05:29:59.991Z - {"open":30635.99,"close":30637.14,"high":30673.99,"low":30620.32,"volume":7.804252,"isComplete":true}
info: 2023-07-12T05:29:59.993Z - BB_30m calculated: {"middle":30582.994999999977,"upper":30661.799494414954,"lower":30504.190505585,"pb":0.8435400506150059}
info: 2023-07-12T05:29:59.993Z - RSI_30m calculated: 57.64
info: 2023-07-12T05:59:59.994Z - {"open":30637.14,"close":30655.36,"high":30692.24,"low":30615.9,"volume":11.331489,"isComplete":true}
info: 2023-07-12T05:59:59.998Z - BB_30m calculated: {"middle":30586.64049999998,"upper":30671.518464743487,"lower":30501.762535256472,"pb":0.9048135473540408}
info: 2023-07-12T05:59:59.998Z - RSI_30m calculated: 59.38
info: 2023-07-12T06:30:00.277Z - {"open":30654.65,"close":30738.45,"high":30780.92,"low":30626,"volume":15.236906,"isComplete":true}
info: 2023-07-12T06:30:00.280Z - BB_30m calculated: {"middle":30594.22199999998,"upper":30701.848998211397,"lower":30486.595001788563,"pb":1.1700363403088996}
info: 2023-07-12T06:30:00.281Z - RSI_30m calculated: 66.2
info: 2023-07-12T06:59:59.899Z - BB_30m calculated: {"middle":30601.444499999976,"upper":30721.282542620007,"lower":30481.606457379945,"pb":0.9868466534037037}
info: 2023-07-12T06:59:59.898Z - {"open":30740.17,"close":30718.13,"high":30784.92,"low":30702.47,"volume":19.246871,"isComplete":true}
info: 2023-07-12T06:59:59.900Z - RSI_30m calculated: 63.4
info: 2023-07-12T07:29:59.767Z - RSI_30m calculated: 68.33
info: 2023-07-12T07:29:59.766Z - BB_30m calculated: {"middle":30614.518999999982,"upper":30754.061312421698,"lower":30474.976687578266,"pb":1.1201380677889798}
info: 2023-07-12T07:29:59.764Z - {"open":30718.13,"close":30787.59,"high":30794.99,"low":30711.64,"volume":14.852474,"isComplete":true}
info: 2023-07-12T07:59:59.671Z - {"open":30785.9,"close":30736.95,"high":30842.98,"low":30732.74,"volume":22.305455,"isComplete":true}
info: 2023-07-12T07:59:59.673Z - BB_30m calculated: {"middle":30622.787499999977,"upper":30770.529514995713,"lower":30475.04548500424,"pb":0.8863575977467167}
info: 2023-07-12T07:59:59.673Z - RSI_30m calculated: 61.79
info: 2023-07-12T08:29:59.626Z - {"open":30736.01,"close":30712.75,"high":30755.34,"low":30707.99,"volume":12.85738,"isComplete":true}
info: 2023-07-12T08:29:59.627Z - RSI_30m calculated: 58.89
info: 2023-07-12T08:29:59.627Z - BB_30m calculated: {"middle":30631.096499999992,"upper":30779.448695437066,"lower":30482.74430456292,"pb":0.7752015221596182}
info: 2023-07-12T08:59:59.585Z - {"open":30711.86,"close":30732.65,"high":30732.65,"low":30670.94,"volume":13.338569,"isComplete":true}
info: 2023-07-12T08:59:59.589Z - BB_30m calculated: {"middle":30638.62599999999,"upper":30791.47660489248,"lower":30485.7753951075,"pb":0.8075682954154662}
info: 2023-07-12T08:59:59.589Z - RSI_30m calculated: 60.53
info: 2023-07-12T09:29:59.550Z - {"open":30732.83,"close":30694.96,"high":30753.47,"low":30686.37,"volume":6.797916,"isComplete":true}
info: 2023-07-12T09:29:59.552Z - BB_30m calculated: {"middle":30641.21399999999,"upper":30796.02690661956,"lower":30486.401093380417,"pb":0.6735837184818257}
info: 2023-07-12T09:29:59.552Z - RSI_30m calculated: 55.97
info: 2023-07-12T09:59:59.581Z - BB_30m calculated: {"middle":30646.27549999998,"upper":30804.785822373637,"lower":30487.765177626326,"pb":0.7419227304933123}
info: 2023-07-12T09:59:59.580Z - {"open":30695.33,"close":30722.97,"high":30734.87,"low":30695.33,"volume":4.637552,"isComplete":true}
info: 2023-07-12T09:59:59.582Z - RSI_30m calculated: 58.48
info: 2023-07-12T10:29:59.521Z - {"open":30720.1,"close":30701.6,"high":30720.1,"low":30690.96,"volume":3.94956,"isComplete":true}
info: 2023-07-12T10:29:59.522Z - BB_30m calculated: {"middle":30653.302999999978,"upper":30808.504360058454,"lower":30498.101639941502,"pb":0.6555946416378806}
info: 2023-07-12T10:29:59.522Z - RSI_30m calculated: 55.87
info: 2023-07-12T10:59:59.795Z - {"open":30698.89,"close":30678.46,"high":30701.22,"low":30657.91,"volume":8.520208,"isComplete":true}
info: 2023-07-12T10:59:59.797Z - BB_30m calculated: {"middle":30661.642999999982,"upper":30802.792802706186,"lower":30520.493197293777,"pb":0.559571461233357}
info: 2023-07-12T10:59:59.798Z - RSI_30m calculated: 53.11
info: 2023-07-12T11:29:59.821Z - {"open":30677.64,"close":30728.24,"high":30729.61,"low":30658.01,"volume":8.997276,"isComplete":true}
info: 2023-07-12T11:29:59.822Z - BB_30m calculated: {"middle":30671.908999999978,"upper":30800.51662697443,"lower":30543.301373025526,"pb":0.7190033411129423}
info: 2023-07-12T11:29:59.823Z - RSI_30m calculated: 57.92
info: 2023-07-12T11:59:59.357Z - {"open":30728.05,"close":30776.99,"high":30794.99,"low":30709.64,"volume":12.250707,"isComplete":true}
info: 2023-07-12T11:59:59.358Z - BB_30m calculated: {"middle":30683.89849999998,"upper":30804.49713038607,"lower":30563.299869613893,"pb":0.8859558757093445}
info: 2023-07-12T11:59:59.358Z - RSI_30m calculated: 62.04
info: 2023-07-12T12:29:59.381Z - BB_30m calculated: {"middle":30695.16849999998,"upper":30814.646687511344,"lower":30575.69031248862,"pb":0.9355669522946204}
info: 2023-07-12T12:29:59.382Z - RSI_30m calculated: 63.78
info: 2023-07-12T12:29:59.380Z - {"open":30776.97,"close":30799.25,"high":30830.22,"low":30730.02,"volume":16.788898,"isComplete":true}
info: 2023-07-12T12:59:59.656Z - {"open":30801.85,"close":30721.96,"high":30966.01,"low":30647.64,"volume":49.613125,"isComplete":true}
info: 2023-07-12T12:59:59.657Z - BB_30m calculated: {"middle":30700.82449999998,"upper":30813.96207492096,"lower":30587.686925079,"pb":0.5934061915980628}
info: 2023-07-12T12:59:59.657Z - RSI_30m calculated: 54.44
info: 2023-07-12T13:29:59.828Z - BB_30m calculated: {"middle":30702.59249999998,"upper":30812.431673681323,"lower":30592.753326318638,"pb":0.33975434801563564}
info: 2023-07-12T13:29:59.828Z - {"open":30722.25,"close":30667.39,"high":30858.14,"low":30640.98,"volume":33.469186,"isComplete":true}
info: 2023-07-12T13:29:59.829Z - RSI_30m calculated: 48.99
info: 2023-07-12T13:59:59.883Z - {"open":30665.96,"close":30671.2,"high":30732.12,"low":30485.55,"volume":42.090269,"isComplete":true}
info: 2023-07-12T13:59:59.884Z - RSI_30m calculated: 49.37
info: 2023-07-12T13:59:59.884Z - BB_30m calculated: {"middle":30706.54249999998,"upper":30805.345491224944,"lower":30607.73950877502,"pb":0.3211466092179833}
info: 2023-07-12T14:29:59.895Z - {"open":30669.68,"close":30733.32,"high":30830,"low":30661.77,"volume":32.94114,"isComplete":true}
info: 2023-07-12T14:29:59.897Z - BB_30m calculated: {"middle":30712.546999999984,"upper":30802.10020968004,"lower":30622.993790319928,"pb":0.6159813259303079}
info: 2023-07-12T14:29:59.897Z - RSI_30m calculated: 55.24
info: 2023-07-12T14:59:59.950Z - {"open":30733.32,"close":30738.13,"high":30826,"low":30733.32,"volume":23.882406,"isComplete":true}
info: 2023-07-12T14:59:59.951Z - BB_30m calculated: {"middle":30717.674499999994,"upper":30800.504002588143,"lower":30634.844997411845,"pb":0.62347955354578}
info: 2023-07-12T14:59:59.951Z - RSI_30m calculated: 55.67
info: 2023-07-12T15:29:59.942Z - {"open":30738.13,"close":30674.64,"high":30805.83,"low":30661.73,"volume":29.360274,"isComplete":true}
info: 2023-07-12T15:29:59.943Z - BB_30m calculated: {"middle":30719.549499999986,"upper":30796.490363648638,"lower":30642.608636351335,"pb":0.20815573240076202}
info: 2023-07-12T15:29:59.943Z - RSI_30m calculated: 49
info: 2023-07-12T16:00:00.157Z - {"open":30674.64,"close":30528.56,"high":30702.29,"low":30488.01,"volume":40.340488,"isComplete":true}
info: 2023-07-12T16:00:00.159Z - BB_30m calculated: {"middle":30713.20949999999,"upper":30823.800880943534,"lower":30602.618119056446,"pb":-0.3348277163400751}
info: 2023-07-12T16:00:00.159Z - RSI_30m calculated: 37.77
info: 2023-07-12T16:29:59.893Z - BB_30m calculated: {"middle":30700.314499999997,"upper":30849.525764517795,"lower":30551.1032354822,"pb":-0.2364206070842026}
info: 2023-07-12T16:29:59.891Z - {"open":30526.28,"close":30480.55,"high":30536.85,"low":24958.06,"volume":31.435944,"isComplete":true}
info: 2023-07-12T16:29:59.893Z - RSI_30m calculated: 34.94
info: 2023-07-12T17:00:00.200Z - {"open":30480.55,"close":30481.13,"high":30525.81,"low":30460.6,"volume":21.870671,"isComplete":true}
info: 2023-07-12T17:00:00.201Z - BB_30m calculated: {"middle":30688.464499999995,"upper":30865.233281347268,"lower":30511.69571865272,"pb":-0.08645677822678519}
info: 2023-07-12T17:00:00.201Z - RSI_30m calculated: 35
info: 2023-07-12T17:29:59.842Z - {"open":30481.13,"close":30446.79,"high":30524.08,"low":30428.53,"volume":18.219703,"isComplete":true}
info: 2023-07-12T17:29:59.843Z - BB_30m calculated: {"middle":30671.4245,"upper":30870.92862401502,"lower":30471.92037598498,"pb":-0.06298209650815975}
info: 2023-07-12T17:29:59.843Z - RSI_30m calculated: 32.96
info: 2023-07-12T18:00:00.445Z - {"open":30445.95,"close":30452.11,"high":30511.05,"low":30430.01,"volume":17.763799,"isComplete":true}
info: 2023-07-12T18:00:00.446Z - BB_30m calculated: {"middle":30657.182500000003,"upper":30875.70391541506,"lower":30438.661084584946,"pb":0.03077253410039824}
info: 2023-07-12T18:00:00.447Z - RSI_30m calculated: 33.6
info: 2023-07-12T18:29:59.804Z - {"open":30452.13,"close":30504.03,"high":30515.65,"low":30436.08,"volume":14.969564,"isComplete":true}
info: 2023-07-12T18:29:59.805Z - BB_30m calculated: {"middle":30646.7465,"upper":30873.439148427336,"lower":30420.053851572666,"pb":0.18522027293322443}
info: 2023-07-12T18:29:59.806Z - RSI_30m calculated: 39.73
info: 2023-07-12T18:59:59.788Z - {"open":30502.78,"close":30523.85,"high":30537.78,"low":30499.41,"volume":11.343113,"isComplete":true}
info: 2023-07-12T18:59:59.790Z - RSI_30m calculated: 41.93
info: 2023-07-12T18:59:59.789Z - BB_30m calculated: {"middle":30636.3065,"upper":30865.431815342934,"lower":30407.181184657064,"pb":0.254596082428332}
info: 2023-07-13T02:57:12.621Z - Chart Monitor has started for BTCBUSD_30m!
info: 2023-07-13T02:57:13.039Z - {"open":30374.03,"close":30328,"high":30387.4,"low":30328,"volume":4.873901,"isComplete":true}
info: 2023-07-13T02:57:13.042Z - BB_30m calculated: {"middle":30382.056499999988,"upper":30498.30590744364,"lower":30265.807092556337,"pb":0.2674977396070149}
info: 2023-07-13T02:57:13.043Z - RSI_30m calculated: 37.24
info: 2023-07-13T03:00:00.834Z - BB_30m calculated: {"middle":30382.73299999999,"upper":30497.868366087045,"lower":30267.597633912934,"pb":0.32106714296267463}
info: 2023-07-13T03:00:00.835Z - RSI_30m calculated: 38.39
info: 2023-07-13T03:00:00.832Z - {"open":30374.03,"close":30341.53,"high":30387.4,"low":30326.01,"volume":5.647634,"isComplete":true}
info: 2023-07-13T03:30:00.731Z - {"open":30341.54,"close":30295.42,"high":30351.98,"low":30295.42,"volume":12.449852,"isComplete":true}
info: 2023-07-13T03:30:00.732Z - BB_30m calculated: {"middle":30375.16449999999,"upper":30492.34417357438,"lower":30257.984826425603,"pb":0.15973407517059765}
info: 2023-07-13T03:30:00.733Z - RSI_30m calculated: 34.49
info: 2023-07-13T04:00:00.761Z - {"open":30295.42,"close":30302.44,"high":30307.93,"low":30281.16,"volume":9.734596,"isComplete":true}
info: 2023-07-13T04:00:00.764Z - BB_30m calculated: {"middle":30367.68099999999,"upper":30483.356033589782,"lower":30252.005966410197,"pb":0.21799878515121493}
info: 2023-07-13T04:00:00.765Z - RSI_30m calculated: 35.56
info: 2023-07-13T04:30:00.688Z - {"open":30301.5,"close":30293.58,"high":30306.81,"low":30259.07,"volume":11.557301,"isComplete":true}
info: 2023-07-13T04:30:00.690Z - BB_30m calculated: {"middle":30357.158499999983,"upper":30458.735087120243,"lower":30255.581912879723,"pb":0.1870415624187662}
info: 2023-07-13T04:30:00.690Z - RSI_30m calculated: 34.79
info: 2023-07-13T04:59:59.977Z - {"open":30293.68,"close":30300.56,"high":30322.92,"low":30287.09,"volume":9.397379,"isComplete":true}
info: 2023-07-13T04:59:59.980Z - BB_30m calculated: {"middle":30345.993999999988,"upper":30416.013180343663,"lower":30275.974819656312,"pb":0.17556032663491208}
info: 2023-07-13T04:59:59.981Z - RSI_30m calculated: 35.97
info: 2023-07-13T05:29:59.892Z - {"open":30300.37,"close":30314.44,"high":30318.5,"low":30265.42,"volume":10.90472,"isComplete":true}
info: 2023-07-13T05:29:59.894Z - BB_30m calculated: {"middle":30343.33599999999,"upper":30413.906481761132,"lower":30272.765518238844,"pb":0.2952685083134872}
info: 2023-07-13T05:29:59.895Z - RSI_30m calculated: 38.37
info: 2023-07-13T05:59:59.820Z - {"open":30314.34,"close":30325.56,"high":30325.56,"low":30289.06,"volume":5.569861,"isComplete":true}
info: 2023-07-13T05:59:59.822Z - BB_30m calculated: {"middle":30345.31549999999,"upper":30411.418032924226,"lower":30279.212967075753,"pb":0.35056926621381396}
info: 2023-07-13T05:59:59.822Z - RSI_30m calculated: 40.3
