info: 2023-07-12T06:34:33.933Z - Chart Monitor has started for BNBUSDT_15m!
info: 2023-07-12T06:34:34.550Z - {"open":249.8,"close":249.8,"high":250.4,"low":249.8,"volume":139.68,"isComplete":true}
info: 2023-07-12T06:34:34.551Z - ATR_14_15m calculated: 1.6438854439348483
info: 2023-07-12T06:34:34.554Z - BB_55_15m calculated: {"middle":248.748909090909,"upper":250.56012133278568,"lower":246.9376968490323,"pb":0.7901622694427926}
info: 2023-07-12T06:34:34.555Z - RSI_7_15m calculated: 59.31
info: 2023-07-12T06:40:41.675Z - Chart Monitor BNBUSDT_15m stopped!
info: 2023-07-12T06:40:41.677Z - Chart Monitor has started for BNBUSDT_15m!
info: 2023-07-12T06:40:42.151Z - {"open":249.8,"close":249.9,"high":250.4,"low":249.7,"volume":568.63,"isComplete":true}
info: 2023-07-12T06:40:42.154Z - BB_55_15m calculated: {"middle":248.75072727272718,"upper":250.5663518015745,"lower":246.93510274387984,"pb":0.8164951533240341}
info: 2023-07-12T06:40:42.151Z - ATR_14_15m calculated: 1.6510283010777071
info: 2023-07-12T06:40:42.155Z - RSI_7_15m calculated: 62.05
info: 2023-07-12T06:44:59.783Z - {"open":249.8,"close":249.3,"high":250.4,"low":249.3,"volume":690.23,"isComplete":true}
info: 2023-07-12T06:44:59.784Z - ATR_14_15m calculated: 1.679599729649134
info: 2023-07-12T06:44:59.786Z - BB_55_15m calculated: {"middle":248.7398181818181,"upper":250.53478281923768,"lower":246.9448535443985,"pb":0.6560425778045486}
info: 2023-07-12T06:44:59.787Z - RSI_7_15m calculated: 43.57
info: 2023-07-12T06:59:59.903Z - BB_55_15m calculated: {"middle":248.768909090909,"upper":250.5668297999596,"lower":246.9709883818584,"pb":0.7311255732545207}
info: 2023-07-12T06:59:59.901Z - ATR_14_15m calculated: 1.5974854632456255
info: 2023-07-12T06:59:59.900Z - {"open":249.61,"close":249.6,"high":249.83,"low":249.5,"volume":133.24,"isComplete":true}
info: 2023-07-12T06:59:59.904Z - RSI_7_15m calculated: 52.41
info: 2023-07-12T07:14:59.747Z - {"open":249.68,"close":249.6,"high":249.68,"low":249.4,"volume":435.13,"isComplete":true}
info: 2023-07-12T07:14:59.753Z - BB_55_15m calculated: {"middle":248.80527272727264,"upper":250.58799324091243,"lower":247.02255221363285,"pb":0.7228973264869094}
info: 2023-07-12T07:14:59.749Z - ATR_14_15m calculated: 1.5033793587280808
info: 2023-07-12T07:14:59.753Z - RSI_7_15m calculated: 52.41
info: 2023-07-12T07:29:59.771Z - {"open":249.68,"close":249.7,"high":250.1,"low":249.6,"volume":474.16,"isComplete":true}
info: 2023-07-12T07:29:59.772Z - ATR_14_15m calculated: 1.431709404533218
info: 2023-07-12T07:29:59.775Z - RSI_7_15m calculated: 55.57
info: 2023-07-12T07:29:59.774Z - BB_55_15m calculated: {"middle":248.83981818181812,"upper":250.61690667261766,"lower":247.06272969101857,"pb":0.742019973297689}
info: 2023-07-12T07:44:59.714Z - BB_55_15m calculated: {"middle":248.86890909090909,"upper":250.6620096974351,"lower":247.07580848438306,"pb":0.7875161899277277}
info: 2023-07-12T07:44:59.708Z - {"open":249.6,"close":249.9,"high":250,"low":249.34,"volume":529.71,"isComplete":true}
info: 2023-07-12T07:44:59.710Z - ATR_14_15m calculated: 1.3765873042094163
info: 2023-07-12T07:44:59.714Z - RSI_7_15m calculated: 61.52
info: 2023-07-12T07:59:59.674Z - {"open":249.8,"close":249.6,"high":249.9,"low":249.3,"volume":424.83,"isComplete":true}
info: 2023-07-12T07:59:59.679Z - BB_55_15m calculated: {"middle":248.8943636363636,"upper":250.68850668786652,"lower":247.1002205848607,"pb":0.6966499725440763}
info: 2023-07-12T07:59:59.675Z - ATR_14_15m calculated: 1.3211167824801726
info: 2023-07-12T07:59:59.680Z - RSI_7_15m calculated: 49.83
info: 2023-07-12T08:14:59.714Z - {"open":249.6,"close":249.4,"high":249.6,"low":249.3,"volume":131.11,"isComplete":true}
info: 2023-07-12T08:14:59.718Z - ATR_14_15m calculated: 1.2481798694458708
info: 2023-07-12T08:14:59.722Z - BB_55_15m calculated: {"middle":248.91072727272729,"upper":250.7066007428418,"lower":247.11485380261277,"pb":0.6362213806860015}
info: 2023-07-12T08:14:59.723Z - RSI_7_15m calculated: 43.42
info: 2023-07-12T08:29:59.628Z - {"open":249.38,"close":248.9,"high":249.4,"low":248.9,"volume":102.49,"isComplete":true}
info: 2023-07-12T08:29:59.629Z - ATR_14_15m calculated: 1.1947384501997373
info: 2023-07-12T08:29:59.631Z - RSI_7_15m calculated: 31.56
info: 2023-07-12T08:29:59.631Z - BB_55_15m calculated: {"middle":248.93436363636363,"upper":250.69447422642784,"lower":247.1742530462994,"pb":0.4902382166900182}
info: 2023-07-12T08:44:59.602Z - {"open":248.9,"close":247.8,"high":249.01,"low":247.7,"volume":590.36,"isComplete":true}
info: 2023-07-12T08:44:59.604Z - ATR_14_15m calculated: 1.2029714180426134
info: 2023-07-12T08:44:59.609Z - BB_55_15m calculated: {"middle":248.9470909090909,"upper":250.66354252470967,"lower":247.2306392934721,"pb":0.16585399243038032}
info: 2023-07-12T08:44:59.609Z - RSI_7_15m calculated: 18.56
info: 2023-07-12T08:59:59.590Z - {"open":247.81,"close":248.1,"high":248.3,"low":247.4,"volume":307.53,"isComplete":true}
info: 2023-07-12T08:59:59.596Z - RSI_7_15m calculated: 28
info: 2023-07-12T08:59:59.595Z - BB_55_15m calculated: {"middle":248.96163636363633,"upper":250.63502927467388,"lower":247.28824345259878,"pb":0.24254810153877843}
info: 2023-07-12T08:59:59.591Z - ATR_14_15m calculated: 1.1813306024681414
info: 2023-07-12T09:14:59.615Z - {"open":248.1,"close":248.4,"high":248.8,"low":248,"volume":539.19,"isComplete":true}
info: 2023-07-12T09:14:59.620Z - RSI_7_15m calculated: 36.57
info: 2023-07-12T09:14:59.616Z - ATR_14_15m calculated: 1.1540927022918464
info: 2023-07-12T09:14:59.619Z - BB_55_15m calculated: {"middle":248.97618181818171,"upper":250.61554085438664,"lower":247.3368227819768,"pb":0.3242661291831604}
info: 2023-07-12T09:29:59.546Z - ATR_14_15m calculated: 1.1009432235567154
info: 2023-07-12T09:29:59.545Z - {"open":248.3,"close":248.2,"high":248.4,"low":247.99,"volume":467.78,"isComplete":true}
info: 2023-07-12T09:29:59.549Z - BB_55_15m calculated: {"middle":248.98345454545452,"upper":250.6053332234946,"lower":247.36157586741444,"pb":0.2584731348705809}
info: 2023-07-12T09:29:59.550Z - RSI_7_15m calculated: 33.47
info: 2023-07-12T09:44:59.665Z - {"open":248.2,"close":247.9,"high":248.3,"low":163.9,"volume":1973.99,"isComplete":true}
info: 2023-07-12T09:44:59.666Z - ATR_14_15m calculated: 7.050875850445522
info: 2023-07-12T09:44:59.668Z - BB_55_15m calculated: {"middle":248.99036363636355,"upper":250.59033619811174,"lower":247.39039107461537,"pb":0.15925552024086673}
info: 2023-07-12T09:44:59.669Z - RSI_7_15m calculated: 29.15
info: 2023-07-12T09:59:59.584Z - {"open":248.11,"close":248.2,"high":248.4,"low":247.97,"volume":418.5,"isComplete":true}
info: 2023-07-12T09:59:59.585Z - ATR_14_15m calculated: 6.58295614684227
info: 2023-07-12T09:59:59.587Z - BB_55_15m calculated: {"middle":248.9972727272727,"upper":250.58016055788406,"lower":247.41438489666135,"pb":0.24815880447928396}
info: 2023-07-12T09:59:59.588Z - RSI_7_15m calculated: 38.43
info: 2023-07-12T10:14:59.718Z - {"open":248.3,"close":248.1,"high":248.6,"low":248.08,"volume":581.31,"isComplete":true}
info: 2023-07-12T10:14:59.718Z - ATR_14_15m calculated: 6.149887850639249
info: 2023-07-12T10:14:59.722Z - RSI_7_15m calculated: 36.57
info: 2023-07-12T10:14:59.722Z - BB_55_15m calculated: {"middle":249.00454545454542,"upper":250.56706937171774,"lower":247.4420215373731,"pb":0.21054988515555784}
info: 2023-07-12T10:29:59.526Z - {"open":248.1,"close":248,"high":248.3,"low":247.92,"volume":194.52,"isComplete":true}
info: 2023-07-12T10:29:59.528Z - ATR_14_15m calculated: 5.737753004165019
info: 2023-07-12T10:29:59.530Z - RSI_7_15m calculated: 34.61
info: 2023-07-12T10:29:59.529Z - BB_55_15m calculated: {"middle":249.00454545454545,"upper":250.56706937171776,"lower":247.44202153737314,"pb":0.17855037497174195}
info: 2023-07-12T10:44:59.701Z - {"open":247.9,"close":247.7,"high":248,"low":247.6,"volume":571.51,"isComplete":true}
info: 2023-07-12T10:44:59.702Z - ATR_14_15m calculated: 5.356484932438948
info: 2023-07-12T10:44:59.704Z - BB_55_15m calculated: {"middle":249.00709090909092,"upper":250.5606237637736,"lower":247.45355805440823,"pb":0.07931661852175362}
info: 2023-07-12T10:44:59.704Z - RSI_7_15m calculated: 29.15
info: 2023-07-12T10:59:59.799Z - {"open":247.7,"close":247.67,"high":247.8,"low":247.4,"volume":303.97,"isComplete":true}
info: 2023-07-12T10:59:59.804Z - BB_55_15m calculated: {"middle":249.01527272727276,"upper":250.53545383870988,"lower":247.49509161583563,"pb":0.05752879799927318}
info: 2023-07-12T10:59:59.800Z - ATR_14_15m calculated: 5.002450294407596
info: 2023-07-12T10:59:59.805Z - RSI_7_15m calculated: 28.62
info: 2023-07-12T11:14:59.830Z - ATR_14_15m calculated: 4.687989559092764
info: 2023-07-12T11:14:59.829Z - {"open":247.56,"close":248,"high":248,"low":247.4,"volume":913.7,"isComplete":true}
info: 2023-07-12T11:14:59.832Z - BB_55_15m calculated: {"middle":249.02436363636366,"upper":250.5138602621897,"lower":247.53486701053762,"pb":0.1561376445564035}
info: 2023-07-12T11:14:59.833Z - RSI_7_15m calculated: 42.06
info: 2023-07-12T11:29:59.823Z - {"open":247.9,"close":248.4,"high":248.5,"low":247.76,"volume":322.35,"isComplete":true}
info: 2023-07-12T11:29:59.825Z - ATR_14_15m calculated: 4.405990304871853
info: 2023-07-12T11:29:59.826Z - RSI_7_15m calculated: 54.24
info: 2023-07-12T11:29:59.826Z - BB_55_15m calculated: {"middle":249.04254545454552,"upper":250.4756309658269,"lower":247.60945994326414,"pb":0.27581747582843535}
info: 2023-07-12T11:44:59.796Z - {"open":248.4,"close":248.3,"high":248.5,"low":247.9,"volume":649.54,"isComplete":true}
info: 2023-07-12T11:44:59.801Z - RSI_7_15m calculated: 51.11
info: 2023-07-12T11:44:59.797Z - ATR_14_15m calculated: 4.1341338545238635
info: 2023-07-12T11:44:59.800Z - BB_55_15m calculated: {"middle":249.04981818181824,"upper":250.46356621599273,"lower":247.63607014764375,"pb":0.23481194537750189}
info: 2023-07-12T11:59:59.359Z - {"open":248.2,"close":248.6,"high":248.8,"low":247.7,"volume":964.19,"isComplete":true}
info: 2023-07-12T11:59:59.360Z - ATR_14_15m calculated: 3.9174100077721614
info: 2023-07-12T11:59:59.362Z - BB_55_15m calculated: {"middle":249.05545454545455,"upper":250.4594789854481,"lower":247.651430105461,"pb":0.3378039112137356}
info: 2023-07-12T11:59:59.363Z - RSI_7_15m calculated: 59.33
info: 2023-07-12T12:14:59.334Z - {"open":248.1,"close":247.8,"high":248.7,"low":247.3,"volume":1498.82,"isComplete":true}
info: 2023-07-12T12:14:59.337Z - BB_55_15m calculated: {"middle":249.03909090909087,"upper":250.479804231037,"lower":247.59837758714474,"pb":0.06997312018428412}
info: 2023-07-12T12:14:59.337Z - RSI_7_15m calculated: 38.95
info: 2023-07-12T12:14:59.335Z - ATR_14_15m calculated: 3.7375950072170054
info: 2023-07-12T12:29:59.383Z - ATR_14_15m calculated: 3.7134810781300747
info: 2023-07-12T12:29:59.383Z - {"open":247.88,"close":246.8,"high":248.7,"low":245.3,"volume":2805.04,"isComplete":true}
info: 2023-07-12T12:29:59.387Z - BB_55_15m calculated: {"middle":249.00272727272724,"upper":250.5618386958629,"lower":247.4436158495916,"pb":-0.20640469951055798}
info: 2023-07-12T12:29:59.388Z - RSI_7_15m calculated: 25.95
info: 2023-07-12T12:44:59.539Z - ATR_14_15m calculated: 3.698232429692212
info: 2023-07-12T12:44:59.538Z - {"open":246.8,"close":247.3,"high":249.2,"low":245.7,"volume":2527.97,"isComplete":true}
info: 2023-07-12T12:44:59.543Z - RSI_7_15m calculated: 38.02
info: 2023-07-12T12:44:59.542Z - BB_55_15m calculated: {"middle":248.97363636363636,"upper":250.59768456550214,"lower":247.34958816177058,"pb":-0.015266838051236109}
info: 2023-07-12T12:59:59.658Z - {"open":247.3,"close":246.9,"high":247.5,"low":245.8,"volume":1403.25,"isComplete":true}
info: 2023-07-12T12:59:59.661Z - BB_55_15m calculated: {"middle":248.9425454545454,"upper":250.656247319703,"lower":247.22884358938782,"pb":-0.09594539052379922}
info: 2023-07-12T12:59:59.661Z - RSI_7_15m calculated: 33
info: 2023-07-12T12:59:59.659Z - ATR_14_15m calculated: 3.555501541857054
info: 2023-07-12T13:14:59.743Z - {"open":246.9,"close":247.49,"high":247.9,"low":246.9,"volume":652.99,"isComplete":true}
info: 2023-07-12T13:14:59.748Z - BB_55_15m calculated: {"middle":248.92963636363632,"upper":250.67590496168444,"lower":247.1833677655882,"pb":0.08779641194789398}
info: 2023-07-12T13:14:59.744Z - ATR_14_15m calculated: 3.372965717438693
info: 2023-07-12T13:14:59.748Z - RSI_7_15m calculated: 45.4
info: 2023-07-12T13:29:59.818Z - ATR_14_15m calculated: 3.210611023335929
info: 2023-07-12T13:29:59.818Z - {"open":247.7,"close":247.4,"high":248.2,"low":247.1,"volume":1079.96,"isComplete":true}
info: 2023-07-12T13:29:59.820Z - BB_55_15m calculated: {"middle":248.91000000000003,"upper":250.69979734759403,"lower":247.12020265240602,"pb":0.07816453297634822}
info: 2023-07-12T13:29:59.821Z - RSI_7_15m calculated: 43.95
info: 2023-07-12T13:44:59.837Z - {"open":247.31,"close":246.6,"high":248.2,"low":245.5,"volume":1986.46,"isComplete":true}
info: 2023-07-12T13:44:59.838Z - ATR_14_15m calculated: 3.1741388073833594
info: 2023-07-12T13:44:59.841Z - BB_55_15m calculated: {"middle":248.87363636363634,"upper":250.76550744760243,"lower":246.98176527967024,"pb":-0.10089621933168925}
info: 2023-07-12T13:44:59.841Z - RSI_7_15m calculated: 33.03
info: 2023-07-12T13:59:59.871Z - {"open":246.6,"close":246.8,"high":247.3,"low":245.61,"volume":1839.42,"isComplete":true}
info: 2023-07-12T13:59:59.872Z - ATR_14_15m calculated: 3.0681288925702623
info: 2023-07-12T13:59:59.876Z - BB_55_15m calculated: {"middle":248.8318181818182,"upper":250.80188912067604,"lower":246.86174724296035,"pb":-0.015671324758522377}
info: 2023-07-12T13:59:59.876Z - RSI_7_15m calculated: 37.56
info: 2023-07-12T14:14:59.888Z - {"open":246.8,"close":246.9,"high":247.9,"low":246.2,"volume":2321.08,"isComplete":true}
info: 2023-07-12T14:14:59.890Z - BB_55_15m calculated: {"middle":248.78999999999994,"upper":250.82365144059102,"lower":246.75634855940885,"pb":0.03531859927515503}
info: 2023-07-12T14:14:59.890Z - RSI_7_15m calculated: 39.92
info: 2023-07-12T14:14:59.888Z - ATR_14_15m calculated: 2.9704054002438163
info: 2023-07-12T14:29:59.899Z - {"open":246.9,"close":246.8,"high":247.4,"low":246.3,"volume":918.16,"isComplete":true}
info: 2023-07-12T14:29:59.899Z - ATR_14_15m calculated: 2.8368050145121146
info: 2023-07-12T14:29:59.903Z - BB_55_15m calculated: {"middle":248.73909090909083,"upper":250.8285076096942,"lower":246.64967420848745,"pb":0.035973147785491134}
info: 2023-07-12T14:29:59.904Z - RSI_7_15m calculated: 38.23
info: 2023-07-12T14:44:59.959Z - {"open":246.9,"close":247.5,"high":248,"low":246.5,"volume":1691.56,"isComplete":true}
info: 2023-07-12T14:44:59.962Z - BB_55_15m calculated: {"middle":248.70454545454538,"upper":250.81186194950226,"lower":246.5972289595885,"pb":0.21419920609266815}
info: 2023-07-12T14:44:59.960Z - ATR_14_15m calculated: 2.7413189420469637
info: 2023-07-12T14:44:59.963Z - RSI_7_15m calculated: 54.11
info: 2023-07-12T14:59:59.935Z - {"open":247.6,"close":247,"high":248,"low":246.2,"volume":1559.38,"isComplete":true}
info: 2023-07-12T14:59:59.935Z - ATR_14_15m calculated: 2.6740818747578956
info: 2023-07-12T14:59:59.937Z - RSI_7_15m calculated: 44.57
info: 2023-07-12T14:59:59.937Z - BB_55_15m calculated: {"middle":248.6536363636363,"upper":250.78775185386166,"lower":246.51952087341095,"pb":0.11257102269997321}
info: 2023-07-12T15:14:59.957Z - RSI_7_15m calculated: 46.76
info: 2023-07-12T15:14:59.956Z - BB_55_15m calculated: {"middle":248.62090909090904,"upper":250.7937640129866,"lower":246.44805416883148,"pb":0.15002056155345256}
info: 2023-07-12T15:14:59.953Z - ATR_14_15m calculated: 2.56879031227519
info: 2023-07-12T15:14:59.952Z - {"open":247.1,"close":247.1,"high":247.4,"low":246.2,"volume":1103.22,"isComplete":true}
info: 2023-07-12T15:29:59.945Z - {"open":246.9,"close":246.3,"high":247.9,"low":245.4,"volume":1638.04,"isComplete":true}
info: 2023-07-12T15:29:59.945Z - ATR_14_15m calculated: 2.563876718541248
info: 2023-07-12T15:29:59.948Z - BB_55_15m calculated: {"middle":248.5645454545454,"upper":250.81314523924152,"lower":246.31594566984927,"pb":-0.0035456887343369415}
info: 2023-07-12T15:29:59.949Z - RSI_7_15m calculated: 34.15
info: 2023-07-12T15:45:00.117Z - {"open":246.3,"close":244.6,"high":246.7,"low":243.7,"volume":1219.1,"isComplete":true}
info: 2023-07-12T15:45:00.118Z - ATR_14_15m calculated: 2.5950283815025874
info: 2023-07-12T15:45:00.121Z - BB_55_15m calculated: {"middle":248.47363636363633,"upper":250.9410777727559,"lower":246.00619495451676,"pb":-0.2849500193438269}
info: 2023-07-12T15:45:00.122Z - RSI_7_15m calculated: 20.47
info: 2023-07-12T16:00:00.160Z - {"open":244.3,"close":244.4,"high":245.7,"low":243.4,"volume":1466.23,"isComplete":true}
info: 2023-07-12T16:00:00.165Z - RSI_7_15m calculated: 19.4
info: 2023-07-12T16:00:00.161Z - ATR_14_15m calculated: 2.573954925680973
info: 2023-07-12T16:00:00.164Z - BB_55_15m calculated: {"middle":248.38436363636362,"upper":251.06995282483905,"lower":245.69877444788818,"pb":-0.2418043782462261}
info: 2023-07-12T16:15:00.186Z - {"open":244.3,"close":244,"high":244.9,"low":243.4,"volume":1110.71,"isComplete":true}
info: 2023-07-12T16:15:00.188Z - BB_55_15m calculated: {"middle":248.28145454545455,"upper":251.18829017124625,"lower":245.37461891966285,"pb":-0.23644593238540312}
info: 2023-07-12T16:15:00.187Z - ATR_14_15m calculated: 2.4972438595609034
info: 2023-07-12T16:15:00.189Z - RSI_7_15m calculated: 17.3
info: 2023-07-12T16:29:59.886Z - {"open":244.1,"close":243.99,"high":244.8,"low":243.1,"volume":1105.65,"isComplete":true}
info: 2023-07-12T16:29:59.891Z - RSI_7_15m calculated: 17.25
info: 2023-07-12T16:29:59.887Z - ATR_14_15m calculated: 2.4402978695922686
info: 2023-07-12T16:29:59.890Z - BB_55_15m calculated: {"middle":248.16927272727273,"upper":251.24857336698818,"lower":245.08997208755727,"pb":-0.17860745283690546}
info: 2023-07-12T16:44:59.942Z - {"open":244.1,"close":243.4,"high":244.3,"low":243.2,"volume":1100.59,"isComplete":true}
info: 2023-07-12T16:44:59.945Z - BB_55_15m calculated: {"middle":248.0474545454545,"upper":251.33468431186728,"lower":244.76022477904175,"pb":-0.20689530025248404}
info: 2023-07-12T16:44:59.945Z - RSI_7_15m calculated: 14.17
info: 2023-07-12T16:44:59.943Z - ATR_14_15m calculated: 2.3445623074785367
info: 2023-07-12T17:00:00.202Z - {"open":243.41,"close":243.35,"high":243.9,"low":242.4,"volume":1423.08,"isComplete":true}
info: 2023-07-12T17:00:00.203Z - ATR_14_15m calculated: 2.284236428372927
info: 2023-07-12T17:00:00.206Z - BB_55_15m calculated: {"middle":247.9192727272727,"upper":251.3750586098348,"lower":244.4634868447106,"pb":-0.16110472155251943}
info: 2023-07-12T17:00:00.207Z - RSI_7_15m calculated: 13.92
info: 2023-07-12T17:15:00.330Z - {"open":243.35,"close":243.4,"high":244.2,"low":242.8,"volume":1201.95,"isComplete":true}
info: 2023-07-12T17:15:00.331Z - ATR_14_15m calculated: 2.221076683489145
info: 2023-07-12T17:15:00.334Z - BB_55_15m calculated: {"middle":247.8047272727272,"upper":251.43029276751898,"lower":244.17916177793543,"pb":-0.10745382741736653}
info: 2023-07-12T17:15:00.335Z - RSI_7_15m calculated: 15.63
info: 2023-07-12T17:29:59.844Z - {"open":243.6,"close":243.69,"high":244.3,"low":242.9,"volume":1020.46,"isComplete":true}
info: 2023-07-12T17:29:59.847Z - RSI_7_15m calculated: 25.6
info: 2023-07-12T17:29:59.844Z - ATR_14_15m calculated: 2.162428348954206
info: 2023-07-12T17:29:59.846Z - BB_55_15m calculated: {"middle":247.70272727272723,"upper":251.46727858882988,"lower":243.93817595662458,"pb":-0.032962222557973896}
info: 2023-07-12T17:45:00.405Z - {"open":243.8,"close":243.3,"high":244.6,"low":243.2,"volume":1240.61,"isComplete":true}
info: 2023-07-12T17:45:00.409Z - BB_55_15m calculated: {"middle":247.58636363636356,"upper":251.48986390921678,"lower":243.68286336351034,"pb":-0.04904103199030579}
info: 2023-07-12T17:45:00.406Z - ATR_14_15m calculated: 2.107969181171763
info: 2023-07-12T17:45:00.410Z - RSI_7_15m calculated: 21.6
info: 2023-07-12T18:00:00.441Z - {"open":243.4,"close":243.6,"high":243.9,"low":242.8,"volume":1007.2,"isComplete":true}
info: 2023-07-12T18:00:00.444Z - BB_55_15m calculated: {"middle":247.47909090909084,"upper":251.48916236205164,"lower":243.46901945613004,"pb":0.01633144763209199}
info: 2023-07-12T18:00:00.442Z - ATR_14_15m calculated: 2.035971382516637
info: 2023-07-12T18:00:00.445Z - RSI_7_15m calculated: 31.25
info: 2023-07-12T18:14:59.810Z - {"open":243.48,"close":243.6,"high":243.8,"low":242.7,"volume":799.18,"isComplete":true}
info: 2023-07-12T18:14:59.814Z - BB_55_15m calculated: {"middle":247.36636363636362,"upper":251.4568943663414,"lower":243.27583290638583,"pb":0.039624087314450385}
info: 2023-07-12T18:14:59.814Z - RSI_7_15m calculated: 31.25
info: 2023-07-12T18:14:59.811Z - ATR_14_15m calculated: 1.9691162837654503
info: 2023-07-12T18:29:59.800Z - {"open":243.6,"close":244,"high":244.4,"low":243.5,"volume":805.85,"isComplete":true}
info: 2023-07-12T18:29:59.803Z - BB_55_15m calculated: {"middle":247.26636363636362,"upper":251.41190733556442,"lower":243.12081993716282,"pb":0.10603917442803362}
info: 2023-07-12T18:29:59.801Z - ATR_14_15m calculated: 1.8927508349250615
info: 2023-07-12T18:29:59.804Z - RSI_7_15m calculated: 43.81
info: 2023-07-12T18:45:00.552Z - {"open":243.81,"close":244.2,"high":244.2,"low":243.6,"volume":173.66,"isComplete":true}
info: 2023-07-12T18:45:00.553Z - ATR_14_15m calculated: 1.800411489573271
info: 2023-07-12T18:45:00.555Z - BB_55_15m calculated: {"middle":247.17727272727276,"upper":251.37168364839226,"lower":242.98286180615327,"pb":0.14509048072975464}
info: 2023-07-12T18:45:00.555Z - RSI_7_15m calculated: 49.22
info: 2023-07-12T18:59:59.783Z - {"open":244.1,"close":244.1,"high":244.23,"low":243.8,"volume":215.81,"isComplete":true}
info: 2023-07-12T18:59:59.786Z - BB_55_15m calculated: {"middle":247.08527272727278,"upper":251.32343502979015,"lower":242.8471104247554,"pb":0.1478104760759627}
info: 2023-07-12T18:59:59.783Z - ATR_14_15m calculated: 1.7025249546037502
info: 2023-07-12T18:59:59.787Z - RSI_7_15m calculated: 46.6
info: 2023-07-13T02:57:12.622Z - Chart Monitor has started for BNBUSDT_15m!
info: 2023-07-13T02:57:13.096Z - {"open":244,"close":243.6,"high":244.2,"low":243.6,"volume":388.6,"isComplete":true}
info: 2023-07-13T02:57:13.098Z - ATR_14_15m calculated: 1.8839700137317945
info: 2023-07-13T02:57:13.101Z - BB_55_15m calculated: {"middle":244.2929090909092,"upper":246.72307308904828,"lower":241.86274509277013,"pb":0.35743573449367766}
info: 2023-07-13T02:57:13.101Z - RSI_7_15m calculated: 44.87
info: 2023-07-13T03:00:00.836Z - {"open":244,"close":243.8,"high":244.2,"low":243.6,"volume":415.69,"isComplete":true}
info: 2023-07-13T03:00:00.837Z - ATR_14_15m calculated: 1.8839700137317945
info: 2023-07-13T03:00:00.840Z - BB_55_15m calculated: {"middle":244.29654545454554,"upper":246.72314717316902,"lower":241.86994373592205,"pb":0.39768707185553387}
info: 2023-07-13T03:00:00.841Z - RSI_7_15m calculated: 48.59
info: 2023-07-13T03:15:00.980Z - {"open":243.8,"close":244,"high":244,"low":243.6,"volume":425.09,"isComplete":true}
info: 2023-07-13T03:15:00.981Z - ATR_14_15m calculated: 1.7779721556080954
info: 2023-07-13T03:15:00.985Z - BB_55_15m calculated: {"middle":244.23472727272738,"upper":246.5104772335749,"lower":241.95897731187986,"pb":0.44842858908806316}
info: 2023-07-13T03:15:00.985Z - RSI_7_15m calculated: 53.11
info: 2023-07-13T03:30:00.735Z - {"open":243.62,"close":243.4,"high":244,"low":243.2,"volume":644.02,"isComplete":true}
info: 2023-07-13T03:30:00.737Z - ATR_14_15m calculated: 1.7081170016360894
info: 2023-07-13T03:30:00.740Z - RSI_7_15m calculated: 40.6
info: 2023-07-13T03:30:00.739Z - BB_55_15m calculated: {"middle":244.17654545454556,"upper":246.36955656236245,"lower":241.98353434672867,"pb":0.32294994955164724}
info: 2023-07-13T03:45:00.673Z - {"open":243.4,"close":242.9,"high":243.6,"low":242.6,"volume":659.46,"isComplete":true}
info: 2023-07-13T03:45:00.677Z - BB_55_15m calculated: {"middle":244.10563636363645,"upper":246.20495837934052,"lower":242.00631434793237,"pb":0.2128510169908129}
info: 2023-07-13T03:45:00.678Z - RSI_7_15m calculated: 33.04
info: 2023-07-13T03:45:00.675Z - ATR_14_15m calculated: 1.6575372158049402
info: 2023-07-13T04:00:00.767Z - {"open":243,"close":243.5,"high":243.5,"low":242.5,"volume":801.51,"isComplete":true}
info: 2023-07-13T04:00:00.771Z - BB_55_15m calculated: {"middle":244.04381818181832,"upper":246.00612662169803,"lower":242.08150974193862,"pb":0.3614340715337133}
info: 2023-07-13T04:00:00.768Z - ATR_14_15m calculated: 1.610570271818873
info: 2023-07-13T04:00:00.771Z - RSI_7_15m calculated: 46.89
info: 2023-07-13T04:15:00.151Z - ATR_14_15m calculated: 1.5669581095460963
info: 2023-07-13T04:15:00.150Z - {"open":243.4,"close":243.1,"high":243.4,"low":242.5,"volume":1065.3,"isComplete":true}
info: 2023-07-13T04:15:00.157Z - RSI_7_15m calculated: 40.39
info: 2023-07-13T04:15:00.156Z - BB_55_15m calculated: {"middle":243.9765454545456,"upper":245.8054416668474,"lower":242.1476492422438,"pb":0.2603621658108171}
info: 2023-07-13T04:30:00.691Z - {"open":243,"close":243.3,"high":243.9,"low":242.5,"volume":709.14,"isComplete":true}
info: 2023-07-13T04:30:00.695Z - BB_55_15m calculated: {"middle":243.90018181818195,"upper":245.4660472061458,"lower":242.3343164302181,"pb":0.30835459331456994}
info: 2023-07-13T04:30:00.696Z - RSI_7_15m calculated: 44.85
info: 2023-07-13T04:30:00.692Z - ATR_14_15m calculated: 1.555032530292804
info: 2023-07-13T04:45:00.098Z - {"open":243.38,"close":243.47,"high":244,"low":243.1,"volume":534,"isComplete":true}
info: 2023-07-13T04:45:00.101Z - BB_55_15m calculated: {"middle":243.8360000000001,"upper":245.1589091908642,"lower":242.513090809136,"pb":0.36166850962724206}
info: 2023-07-13T04:45:00.101Z - RSI_7_15m calculated: 48.66
info: 2023-07-13T04:45:00.099Z - ATR_14_15m calculated: 1.5082444924147471
info: 2023-07-13T04:59:59.982Z - {"open":243.5,"close":243.5,"high":243.9,"low":242.7,"volume":805.43,"isComplete":true}
info: 2023-07-13T04:59:59.983Z - ATR_14_15m calculated: 1.486227028670838
info: 2023-07-13T04:59:59.987Z - BB_55_15m calculated: {"middle":243.77054545454553,"upper":244.7535754138176,"lower":242.78751549527345,"pb":0.36239206038752686}
info: 2023-07-13T04:59:59.988Z - RSI_7_15m calculated: 49.38
info: 2023-07-13T05:14:59.966Z - {"open":243.1,"close":243.5,"high":243.5,"low":242.6,"volume":589.32,"isComplete":true}
info: 2023-07-13T05:14:59.969Z - BB_55_15m calculated: {"middle":243.71963636363645,"upper":244.42389833593074,"lower":243.01537439134216,"pb":0.34406629047360077}
info: 2023-07-13T05:14:59.967Z - ATR_14_15m calculated: 1.4443536694800643
info: 2023-07-13T05:14:59.970Z - RSI_7_15m calculated: 49.38
info: 2023-07-13T05:29:59.897Z - {"open":243.5,"close":243.52,"high":243.6,"low":243.11,"volume":444.68,"isComplete":true}
info: 2023-07-13T05:29:59.897Z - ATR_14_15m calculated: 1.3761855502314868
info: 2023-07-13T05:29:59.899Z - BB_55_15m calculated: {"middle":243.7000000000001,"upper":244.36405914303975,"lower":243.03594085696045,"pb":0.36446990310519356}
info: 2023-07-13T05:29:59.900Z - RSI_7_15m calculated: 50.01
info: 2023-07-13T05:44:59.854Z - {"open":243.58,"close":243.54,"high":243.9,"low":243.4,"volume":463.14,"isComplete":true}
info: 2023-07-13T05:44:59.862Z - RSI_7_15m calculated: 50.74
info: 2023-07-13T05:44:59.861Z - BB_55_15m calculated: {"middle":243.68436363636377,"upper":244.32171912314405,"lower":243.0470081495835,"pb":0.3867479457240905}
info: 2023-07-13T05:44:59.856Z - ATR_14_15m calculated: 1.313600868072095
info: 2023-07-13T05:59:59.816Z - {"open":243.5,"close":243.9,"high":243.9,"low":243.4,"volume":172.28,"isComplete":true}
info: 2023-07-13T05:59:59.816Z - ATR_14_15m calculated: 1.2554865203526595
info: 2023-07-13T05:59:59.820Z - RSI_7_15m calculated: 62.2
info: 2023-07-13T05:59:59.819Z - BB_55_15m calculated: {"middle":243.68254545454556,"upper":244.31685215617776,"lower":243.04823875291336,"pb":0.6714111997357826}
info: 2023-07-13T06:14:59.799Z - {"open":244,"close":244.1,"high":244.1,"low":243.6,"volume":214.52,"isComplete":true}
info: 2023-07-13T06:14:59.800Z - ATR_14_15m calculated: 1.2015231974703267
info: 2023-07-13T06:14:59.801Z - BB_55_15m calculated: {"middle":243.68454545454554,"upper":244.3233946264655,"lower":243.04569628262558,"pb":0.8251585536268838}
info: 2023-07-13T06:14:59.802Z - RSI_7_15m calculated: 67.15
